d:\gbj\dx3d-portfolio\directx3d\x64\debug\vc143.pdb
d:\gbj\dx3d-portfolio\directx3d\x64\debug\vc143.idb
d:\gbj\dx3d-portfolio\directx3d\x64\debug\modelclip.obj
d:\gbj\dx3d-portfolio\directx3d\x64\debug\modelanimatorinstancing.obj
d:\gbj\dx3d-portfolio\directx3d\x64\debug\modelanimator.obj
d:\gbj\dx3d-portfolio\directx3d\x64\debug\transform.obj
d:\gbj\dx3d-portfolio\directx3d\x64\debug\gamemath.obj
d:\gbj\dx3d-portfolio\directx3d\x64\debug\shadow.obj
d:\gbj\dx3d-portfolio\directx3d\x64\debug\refraction.obj
d:\gbj\dx3d-portfolio\directx3d\x64\debug\reflection.obj
d:\gbj\dx3d-portfolio\directx3d\x64\debug\environment.obj
d:\gbj\dx3d-portfolio\directx3d\x64\debug\camera.obj
d:\gbj\dx3d-portfolio\directx3d\x64\debug\spherecollider.obj
d:\gbj\dx3d-portfolio\directx3d\x64\debug\collider.obj
d:\gbj\dx3d-portfolio\directx3d\x64\debug\capsulecollider.obj
d:\gbj\dx3d-portfolio\directx3d\x64\debug\boxcollider.obj
d:\gbj\dx3d-portfolio\directx3d\x64\debug\vertexbuffer.obj
d:\gbj\dx3d-portfolio\directx3d\x64\debug\structuredbuffer.obj
d:\gbj\dx3d-portfolio\directx3d\x64\debug\rawbuffer.obj
d:\gbj\dx3d-portfolio\directx3d\x64\debug\indexbuffer.obj
d:\gbj\dx3d-portfolio\directx3d\x64\debug\constbuffer.obj
d:\gbj\dx3d-portfolio\directx3d\x64\debug\directx3d.obj
d:\gbj\dx3d-portfolio\directx3d\x64\debug\audio.obj
d:\gbj\dx3d-portfolio\directx3d\x64\debug\device.obj
d:\gbj\dx3d-portfolio\directx3d\x64\debug\samplerstate.obj
d:\gbj\dx3d-portfolio\directx3d\x64\debug\rasterizerstate.obj
d:\gbj\dx3d-portfolio\directx3d\x64\debug\depthstencilstate.obj
d:\gbj\dx3d-portfolio\directx3d\x64\debug\blendstate.obj
d:\gbj\dx3d-portfolio\directx3d\x64\debug\vertexshader.obj
d:\gbj\dx3d-portfolio\directx3d\x64\debug\shader.obj
d:\gbj\dx3d-portfolio\directx3d\x64\debug\pixelshader.obj
d:\gbj\dx3d-portfolio\directx3d\x64\debug\geometryshader.obj
d:\gbj\dx3d-portfolio\directx3d\x64\debug\computeshader.obj
d:\gbj\dx3d-portfolio\directx3d\x64\debug\texture.obj
d:\gbj\dx3d-portfolio\directx3d\x64\debug\rendertarget.obj
d:\gbj\dx3d-portfolio\directx3d\x64\debug\material.obj
d:\gbj\dx3d-portfolio\directx3d\x64\debug\gbuffer.obj
d:\gbj\dx3d-portfolio\directx3d\x64\debug\depthstencil.obj
d:\gbj\dx3d-portfolio\directx3d\x64\debug\model.obj
d:\gbj\dx3d-portfolio\directx3d\x64\debug\modelmesh.obj
d:\gbj\dx3d-portfolio\directx3d\x64\debug\modelinstancing.obj
d:\gbj\dx3d-portfolio\directx3d\x64\debug\modelexporter.obj
d:\gbj\dx3d-portfolio\directx3d\x64\debug\minionfirst.obj
d:\gbj\dx3d-portfolio\directx3d\x64\debug\enemy.obj
d:\gbj\dx3d-portfolio\directx3d\x64\debug\sphere.obj
d:\gbj\dx3d-portfolio\directx3d\x64\debug\quad.obj
d:\gbj\dx3d-portfolio\directx3d\x64\debug\gameobject.obj
d:\gbj\dx3d-portfolio\directx3d\x64\debug\cylinder.obj
d:\gbj\dx3d-portfolio\directx3d\x64\debug\cube.obj
d:\gbj\dx3d-portfolio\directx3d\x64\debug\node.obj
d:\gbj\dx3d-portfolio\directx3d\x64\debug\heap.obj
d:\gbj\dx3d-portfolio\directx3d\x64\debug\astar.obj
d:\gbj\dx3d-portfolio\directx3d\x64\debug\scenemanager.obj
d:\gbj\dx3d-portfolio\directx3d\x64\debug\gamemanager.obj
d:\gbj\dx3d-portfolio\directx3d\x64\debug\utility.obj
d:\gbj\dx3d-portfolio\directx3d\x64\debug\tinyxml2.obj
d:\gbj\dx3d-portfolio\directx3d\x64\debug\timer.obj
d:\gbj\dx3d-portfolio\directx3d\x64\debug\observer.obj
d:\gbj\dx3d-portfolio\directx3d\x64\debug\keyboard.obj
d:\gbj\dx3d-portfolio\directx3d\x64\debug\font.obj
d:\gbj\dx3d-portfolio\directx3d\x64\debug\binarywriter.obj
d:\gbj\dx3d-portfolio\directx3d\x64\debug\binaryreader.obj
d:\gbj\dx3d-portfolio\directx3d\x64\debug\trail.obj
d:\gbj\dx3d-portfolio\directx3d\x64\debug\sprite.obj
d:\gbj\dx3d-portfolio\directx3d\x64\debug\spark.obj
d:\gbj\dx3d-portfolio\directx3d\x64\debug\snow.obj
d:\gbj\dx3d-portfolio\directx3d\x64\debug\rain.obj
d:\gbj\dx3d-portfolio\directx3d\x64\debug\particlesystem.obj
d:\gbj\dx3d-portfolio\directx3d\x64\debug\particle.obj
d:\gbj\dx3d-portfolio\directx3d\x64\debug\steve.obj
d:\gbj\dx3d-portfolio\directx3d\x64\debug\mineui.obj
d:\gbj\dx3d-portfolio\directx3d\x64\debug\blockmanager.obj
d:\gbj\dx3d-portfolio\directx3d\x64\debug\particlemanager.obj
d:\gbj\dx3d-portfolio\directx3d\x64\debug\enemymanager.obj
d:\gbj\dx3d-portfolio\directx3d\x64\debug\bulletmanager.obj
d:\gbj\dx3d-portfolio\directx3d\x64\debug\water.obj
d:\gbj\dx3d-portfolio\directx3d\x64\debug\terraineditor.obj
d:\gbj\dx3d-portfolio\directx3d\x64\debug\terrain.obj
d:\gbj\dx3d-portfolio\directx3d\x64\debug\skybox.obj
d:\gbj\dx3d-portfolio\directx3d\x64\debug\revenant.obj
d:\gbj\dx3d-portfolio\directx3d\x64\debug\minionsuper.obj
d:\gbj\dx3d-portfolio\directx3d\x64\debug\minionsecond.obj
d:\gbj\dx3d-portfolio\directx3d\x64\debug\terrainscene.obj
d:\gbj\dx3d-portfolio\directx3d\x64\debug\terraineditorscene.obj
d:\gbj\dx3d-portfolio\directx3d\x64\debug\particletoolscene.obj
d:\gbj\dx3d-portfolio\directx3d\x64\debug\particlescene.obj
d:\gbj\dx3d-portfolio\directx3d\x64\debug\modelrenderscene.obj
d:\gbj\dx3d-portfolio\directx3d\x64\debug\modelexportscene.obj
d:\gbj\dx3d-portfolio\directx3d\x64\debug\modelanimationscene.obj
d:\gbj\dx3d-portfolio\directx3d\x64\debug\mainscene.obj
d:\gbj\dx3d-portfolio\directx3d\x64\debug\gridscene.obj
d:\gbj\dx3d-portfolio\directx3d\x64\debug\kunai.obj
d:\gbj\dx3d-portfolio\directx3d\x64\debug\crowbar.obj
d:\gbj\dx3d-portfolio\directx3d\x64\debug\bullet.obj
d:\gbj\dx3d-portfolio\directx3d\x64\debug\progressbar.obj
d:\gbj\dx3d-portfolio\directx3d\x64\debug\directx3d.pch
d:\gbj\dx3d-portfolio\directx3d\x64\debug\framework.obj
d:\gbj\dx3d-portfolio\directx3d\x64\debug\bossscene.obj
d:\gbj\dx3d-portfolio\x64\debug\collider.cso
d:\gbj\dx3d-portfolio\x64\debug\texture.cso
d:\gbj\dx3d-portfolio\x64\debug\grid.cso
d:\gbj\dx3d-portfolio\x64\debug\byteaddress.cso
d:\gbj\dx3d-portfolio\x64\debug\computepicking.cso
d:\gbj\dx3d-portfolio\x64\debug\particle.cso
d:\gbj\dx3d-portfolio\x64\debug\reflection.cso
d:\gbj\dx3d-portfolio\x64\debug\refraction.cso
d:\gbj\dx3d-portfolio\x64\debug\water.cso
d:\gbj\dx3d-portfolio\x64\debug\billboard.cso
d:\gbj\dx3d-portfolio\x64\debug\rain.cso
d:\gbj\dx3d-portfolio\x64\debug\snow.cso
d:\gbj\dx3d-portfolio\x64\debug\spark.cso
d:\gbj\dx3d-portfolio\x64\debug\sprite.cso
d:\gbj\dx3d-portfolio\x64\debug\skybox.cso
d:\gbj\dx3d-portfolio\x64\debug\terrain.cso
d:\gbj\dx3d-portfolio\x64\debug\terraineditor.cso
d:\gbj\dx3d-portfolio\x64\debug\animgbuffer.cso
d:\gbj\dx3d-portfolio\x64\debug\deferred.cso
d:\gbj\dx3d-portfolio\x64\debug\depthmap.cso
d:\gbj\dx3d-portfolio\x64\debug\gbuffer.cso
d:\gbj\dx3d-portfolio\x64\debug\light.cso
d:\gbj\dx3d-portfolio\x64\debug\shadow.cso
d:\gbj\dx3d-portfolio\x64\debug\modelanimation.cso
d:\gbj\dx3d-portfolio\x64\debug\modelanimationinstancing.cso
d:\gbj\dx3d-portfolio\x64\debug\modelinstancing.cso
d:\gbj\dx3d-portfolio\x64\debug\bloom.cso
d:\gbj\dx3d-portfolio\x64\debug\fog.cso
d:\gbj\dx3d-portfolio\x64\debug\progressbar.cso
d:\gbj\dx3d-portfolio\x64\debug\directx3d.lib
d:\gbj\dx3d-portfolio\x64\debug\directx3d.exp
d:\gbj\dx3d-portfolio\x64\debug\directx3d.exe
d:\gbj\dx3d-portfolio\directx3d\x64\debug\directx3d.ilk
d:\gbj\dx3d-portfolio\x64\debug\directx3d.pdb
d:\gbj\dx3d-portfolio\directx3d\x64\debug\directx3d.res
d:\gbj\dx3d-portfolio\directx3d\x64\debug\directx3d.tlog\cl.command.1.tlog
d:\gbj\dx3d-portfolio\directx3d\x64\debug\directx3d.tlog\cl.read.1.tlog
d:\gbj\dx3d-portfolio\directx3d\x64\debug\directx3d.tlog\cl.write.1.tlog
d:\gbj\dx3d-portfolio\directx3d\x64\debug\directx3d.tlog\fxc.command.1.tlog
d:\gbj\dx3d-portfolio\directx3d\x64\debug\directx3d.tlog\fxc.read.1.tlog
d:\gbj\dx3d-portfolio\directx3d\x64\debug\directx3d.tlog\fxc.write.1.tlog
d:\gbj\dx3d-portfolio\directx3d\x64\debug\directx3d.tlog\link.command.1.tlog
d:\gbj\dx3d-portfolio\directx3d\x64\debug\directx3d.tlog\link.read.1.tlog
d:\gbj\dx3d-portfolio\directx3d\x64\debug\directx3d.tlog\link.write.1.tlog
d:\gbj\dx3d-portfolio\directx3d\x64\debug\directx3d.tlog\link.write.2u.tlog
d:\gbj\dx3d-portfolio\directx3d\x64\debug\directx3d.tlog\rc.command.1.tlog
d:\gbj\dx3d-portfolio\directx3d\x64\debug\directx3d.tlog\rc.read.1.tlog
d:\gbj\dx3d-portfolio\directx3d\x64\debug\directx3d.tlog\rc.write.1.tlog
